0 info it worked if it ends with ok
1 verbose cli [ '/Users/wanghuan/.nvm/versions/node/v7.6.0/bin/node',
1 verbose cli   '/Users/wanghuan/.nvm/versions/node/v7.6.0/bin/npm',
1 verbose cli   'publish' ]
2 info using npm@4.1.2
3 info using node@v7.6.0
4 verbose publish [ '.' ]
5 silly cache add args [ '.', null ]
6 verbose cache add spec .
7 silly cache add parsed spec Result {
7 silly cache add   raw: '.',
7 silly cache add   scope: null,
7 silly cache add   escapedName: null,
7 silly cache add   name: null,
7 silly cache add   rawSpec: '.',
7 silly cache add   spec: '/Users/wanghuan/workplace/katex-answer-match',
7 silly cache add   type: 'directory' }
8 verbose addLocalDirectory /Users/wanghuan/.npm/katex-answer-match/1.0.1/package.tgz not in flight; packing
9 verbose correctMkdir /Users/wanghuan/.npm correctMkdir not in flight; initializing
10 info lifecycle katex-answer-match@1.0.1~prepublish: katex-answer-match@1.0.1
11 silly lifecycle katex-answer-match@1.0.1~prepublish: no script for prepublish, continuing
12 info lifecycle katex-answer-match@1.0.1~prepare: katex-answer-match@1.0.1
13 silly lifecycle katex-answer-match@1.0.1~prepare: no script for prepare, continuing
14 verbose tar pack [ '/Users/wanghuan/.npm/katex-answer-match/1.0.1/package.tgz',
14 verbose tar pack   '/Users/wanghuan/workplace/katex-answer-match' ]
15 verbose tarball /Users/wanghuan/.npm/katex-answer-match/1.0.1/package.tgz
16 verbose folder /Users/wanghuan/workplace/katex-answer-match
17 verbose addLocalTarball adding from inside cache /Users/wanghuan/.npm/katex-answer-match/1.0.1/package.tgz
18 verbose correctMkdir /Users/wanghuan/.npm correctMkdir not in flight; initializing
19 silly cache afterAdd katex-answer-match@1.0.1
20 verbose afterAdd /Users/wanghuan/.npm/katex-answer-match/1.0.1/package/package.json not in flight; writing
21 verbose correctMkdir /Users/wanghuan/.npm correctMkdir not in flight; initializing
22 verbose afterAdd /Users/wanghuan/.npm/katex-answer-match/1.0.1/package/package.json written
23 silly publish { name: 'katex-answer-match',
23 silly publish   version: '1.0.1',
23 silly publish   description: '[![Build Status](https://travis-ci.org/guanghetv/katex-answer-match.svg?branch=master)](https://travis-ci.org/guanghetv/katex-answer-match)',
23 silly publish   main: 'index.js',
23 silly publish   scripts: { test: 'mocha' },
23 silly publish   repository:
23 silly publish    { type: 'git',
23 silly publish      url: 'git+https://github.com/guanghetv/katex-answer-match.git' },
23 silly publish   author: '',
23 silly publish   license: 'ISC',
23 silly publish   bugs: { url: 'https://github.com/guanghetv/katex-answer-match/issues' },
23 silly publish   homepage: 'https://github.com/guanghetv/katex-answer-match#readme',
23 silly publish   devDependencies: { chai: '^4.1.1', mocha: '^3.5.0' },
23 silly publish   readme: '# katex-answer-match\n\n[![Build Status](https://travis-ci.org/guanghetv/katex-answer-match.svg?branch=master)](https://travis-ci.org/guanghetv/katex-answer-match)\n\nnpm install katex-answer-match\n\n```javascript\n/**\n * judge two string match.\n * @param {string} origin - 课程内容.\n * @param {string} dest - 用户输入.\n * @returns {boolean} - 是否匹配\n */\n```\n\n### 前端\n\n```javascript\nimport judge from \'katex-answer-match\'\njudge.katex_answer_match(\' 123\', \'123\') // (\'课程内容\', \'用户输入\')\n```\n\n\n### 后端\n\n```javascript\nconst judge = require(\'katex-answer-match\')\njudge.katex_answer_match(\' 1 23 \', \'123\') // (\'课程内容\', \'用户输入\')\n```\n',
23 silly publish   readmeFilename: 'README.md',
23 silly publish   gitHead: '9aabb44259cff10ef67d96bf311f1a3e8454bd48',
23 silly publish   _id: 'katex-answer-match@1.0.1',
23 silly publish   _shasum: 'fa51e60dd4e0d916c9c9008eff16a823b28b70d6',
23 silly publish   _from: '.' }
24 info lifecycle katex-answer-match@1.0.1~prepublishOnly: katex-answer-match@1.0.1
25 silly lifecycle katex-answer-match@1.0.1~prepublishOnly: no script for prepublishOnly, continuing
26 verbose getPublishConfig undefined
27 silly mapToRegistry name katex-answer-match
28 silly mapToRegistry using default registry
29 silly mapToRegistry registry https://registry.npmjs.org/
30 silly mapToRegistry data Result {
30 silly mapToRegistry   raw: 'katex-answer-match',
30 silly mapToRegistry   scope: null,
30 silly mapToRegistry   escapedName: 'katex-answer-match',
30 silly mapToRegistry   name: 'katex-answer-match',
30 silly mapToRegistry   rawSpec: '',
30 silly mapToRegistry   spec: 'latest',
30 silly mapToRegistry   type: 'tag' }
31 silly mapToRegistry uri https://registry.npmjs.org/katex-answer-match
32 verbose publish registryBase https://registry.npmjs.org/
33 silly publish uploading /Users/wanghuan/.npm/katex-answer-match/1.0.1/package.tgz
34 verbose request uri https://registry.npmjs.org/katex-answer-match
35 verbose request sending authorization for write operation
36 info attempt registry request try #1 at 20:03:43
37 verbose request using bearer token for auth
38 verbose request id eae608341cbdc2d0
39 http request PUT https://registry.npmjs.org/katex-answer-match
40 http 403 https://registry.npmjs.org/katex-answer-match
41 verbose headers { 'content-type': 'application/json',
41 verbose headers   'cache-control': 'max-age=300',
41 verbose headers   'content-length': '91',
41 verbose headers   'accept-ranges': 'bytes',
41 verbose headers   date: 'Tue, 29 Aug 2017 12:03:44 GMT',
41 verbose headers   via: '1.1 varnish',
41 verbose headers   connection: 'keep-alive',
41 verbose headers   'x-served-by': 'cache-nrt6131-NRT',
41 verbose headers   'x-cache': 'MISS',
41 verbose headers   'x-cache-hits': '0',
41 verbose headers   'x-timer': 'S1504008224.589622,VS0,VE649',
41 verbose headers   vary: 'Accept-Encoding, Accept' }
42 verbose request invalidating /Users/wanghuan/.npm/registry.npmjs.org/katex-answer-match on PUT
43 error publish Failed PUT 403
44 verbose stack Error: You cannot publish over the previously published version 1.0.1. : katex-answer-match
44 verbose stack     at makeError (/Users/wanghuan/.nvm/versions/node/v7.6.0/lib/node_modules/npm/node_modules/npm-registry-client/lib/request.js:304:12)
44 verbose stack     at CachingRegistryClient.<anonymous> (/Users/wanghuan/.nvm/versions/node/v7.6.0/lib/node_modules/npm/node_modules/npm-registry-client/lib/request.js:292:14)
44 verbose stack     at Request._callback (/Users/wanghuan/.nvm/versions/node/v7.6.0/lib/node_modules/npm/node_modules/npm-registry-client/lib/request.js:212:14)
44 verbose stack     at Request.self.callback (/Users/wanghuan/.nvm/versions/node/v7.6.0/lib/node_modules/npm/node_modules/request/request.js:186:22)
44 verbose stack     at emitTwo (events.js:106:13)
44 verbose stack     at Request.emit (events.js:192:7)
44 verbose stack     at Request.<anonymous> (/Users/wanghuan/.nvm/versions/node/v7.6.0/lib/node_modules/npm/node_modules/request/request.js:1081:10)
44 verbose stack     at emitOne (events.js:96:13)
44 verbose stack     at Request.emit (events.js:189:7)
44 verbose stack     at IncomingMessage.<anonymous> (/Users/wanghuan/.nvm/versions/node/v7.6.0/lib/node_modules/npm/node_modules/request/request.js:1001:12)
45 verbose statusCode 403
46 verbose pkgid katex-answer-match
47 verbose cwd /Users/wanghuan/workplace/katex-answer-match
48 error Darwin 16.7.0
49 error argv "/Users/wanghuan/.nvm/versions/node/v7.6.0/bin/node" "/Users/wanghuan/.nvm/versions/node/v7.6.0/bin/npm" "publish"
50 error node v7.6.0
51 error npm  v4.1.2
52 error code E403
53 error You cannot publish over the previously published version 1.0.1. : katex-answer-match
54 error If you need help, you may report this error at:
54 error     <https://github.com/npm/npm/issues>
55 verbose exit [ 1, true ]
